#! /c/Source/iverilog-install/bin/vvp
:ivl_version "12.0 (devel)" "(s20150603-1539-g2693dd32b)";
:ivl_delay_selection "TYPICAL";
:vpi_time_precision + 0;
:vpi_module "C:\iverilog\lib\ivl\system.vpi";
:vpi_module "C:\iverilog\lib\ivl\vhdl_sys.vpi";
:vpi_module "C:\iverilog\lib\ivl\vhdl_textio.vpi";
:vpi_module "C:\iverilog\lib\ivl\v2005_math.vpi";
:vpi_module "C:\iverilog\lib\ivl\va_math.vpi";
:vpi_module "C:\iverilog\lib\ivl\v2009.vpi";
S_000002a43346b670 .scope package, "$unit" "$unit" 2 1;
 .timescale 0 0;
S_000002a43346b800 .scope module, "top" "top" 3 2;
 .timescale 0 0;
v000002a433461d60_0 .var "a", 31 0;
v000002a433461ae0_0 .var "b", 31 0;
v000002a433461b80_0 .net "sum", 32 0, L_000002a4334631e0;  1 drivers
v000002a433461e00_0 .var "sum1", 23 0;
S_000002a433432870 .scope module, "dut" "adder" 3 9, 4 2 0, S_000002a43346b800;
 .timescale 0 0;
    .port_info 0 /INPUT 32 "a";
    .port_info 1 /INPUT 32 "b";
    .port_info 2 /OUTPUT 33 "sum";
L_000002a4334c20c8 .functor BUFT 1, C4<0>, C4<0>, C4<0>, C4<0>;
L_000002a4334675b0 .functor BUFZ 1, L_000002a4334c20c8, C4<0>, C4<0>, C4<0>;
L_000002a4334678c0 .functor BUFZ 8, L_000002a433467a10, C4<00000000>, C4<00000000>, C4<00000000>;
L_000002a433467a10 .functor BUFZ 8, L_000002a4334612c0, C4<00000000>, C4<00000000>, C4<00000000>;
v000002a433433020_0 .net *"_ivl_11", 22 0, L_000002a433461360;  1 drivers
L_000002a4334c2080 .functor BUFT 1, C4<1>, C4<0>, C4<0>, C4<0>;
v000002a433459540_0 .net/2u *"_ivl_14", 0 0, L_000002a4334c2080;  1 drivers
v000002a433432a00_0 .net *"_ivl_17", 22 0, L_000002a433463320;  1 drivers
v000002a433432aa0_0 .net *"_ivl_23", 0 0, L_000002a4334675b0;  1 drivers
v000002a433432b40_0 .net *"_ivl_27", 7 0, L_000002a4334678c0;  1 drivers
v000002a433432be0_0 .net *"_ivl_32", 23 0, v000002a4334614a0_0;  1 drivers
L_000002a4334c2038 .functor BUFT 1, C4<1>, C4<0>, C4<0>, C4<0>;
v000002a433461130_0 .net/2u *"_ivl_8", 0 0, L_000002a4334c2038;  1 drivers
v000002a433462080_0 .net "a", 31 0, v000002a433461d60_0;  1 drivers
v000002a433461400_0 .net "a_exponent", 7 0, L_000002a4334612c0;  1 drivers
v000002a4334615e0_0 .net "a_mantissa", 23 0, L_000002a433461540;  1 drivers
v000002a433461c20_0 .net "a_sign", 0 0, L_000002a433461220;  1 drivers
v000002a433461860_0 .var "aligned_a", 23 0;
v000002a433461900_0 .var "aligned_b", 23 0;
v000002a433461720_0 .var "aligned_expo", 7 0;
v000002a433462120_0 .net "b", 31 0, v000002a433461ae0_0;  1 drivers
v000002a433461cc0_0 .net "b_exponent", 7 0, L_000002a433461f40;  1 drivers
v000002a4334617c0_0 .net "b_mantissa", 23 0, L_000002a4334635a0;  1 drivers
v000002a433461fe0_0 .net "b_sign", 0 0, L_000002a433461ea0;  1 drivers
v000002a4334614a0_0 .var "n_sum", 23 0;
v000002a433461680_0 .net "sum", 32 0, L_000002a4334631e0;  alias, 1 drivers
v000002a4334619a0_0 .net "sum_exponent", 7 0, L_000002a433467a10;  1 drivers
v000002a433461a40_0 .net "sum_sign", 0 0, L_000002a4334c20c8;  1 drivers
E_000002a4334589d0/0 .event anyedge, v000002a433461400_0, v000002a433461cc0_0, v000002a4334617c0_0, v000002a433461720_0;
E_000002a4334589d0/1 .event anyedge, v000002a4334615e0_0, v000002a433461860_0, v000002a433461900_0;
E_000002a4334589d0 .event/or E_000002a4334589d0/0, E_000002a4334589d0/1;
L_000002a433461220 .part v000002a433461d60_0, 31, 1;
L_000002a433461ea0 .part v000002a433461ae0_0, 31, 1;
L_000002a4334612c0 .part v000002a433461d60_0, 23, 8;
L_000002a433461f40 .part v000002a433461ae0_0, 23, 8;
L_000002a433461360 .part v000002a433461d60_0, 0, 23;
L_000002a433461540 .concat [ 23 1 0 0], L_000002a433461360, L_000002a4334c2038;
L_000002a433463320 .part v000002a433461ae0_0, 0, 23;
L_000002a4334635a0 .concat [ 23 1 0 0], L_000002a433463320, L_000002a4334c2080;
L_000002a4334631e0 .concat8 [ 24 8 1 0], v000002a4334614a0_0, L_000002a4334678c0, L_000002a4334675b0;
    .scope S_000002a433432870;
T_0 ;
    %wait E_000002a4334589d0;
    %load/vec4 v000002a433461cc0_0;
    %load/vec4 v000002a433461400_0;
    %cmp/u;
    %jmp/0xz  T_0.0, 5;
    %load/vec4 v000002a433461400_0;
    %load/vec4 v000002a433461cc0_0;
    %sub;
    %store/vec4 v000002a433461720_0, 0, 8;
    %load/vec4 v000002a4334617c0_0;
    %ix/getv 4, v000002a433461720_0;
    %shiftr 4;
    %store/vec4 v000002a433461900_0, 0, 24;
    %load/vec4 v000002a4334615e0_0;
    %store/vec4 v000002a433461860_0, 0, 24;
    %jmp T_0.1;
T_0.0 ;
    %load/vec4 v000002a433461400_0;
    %load/vec4 v000002a433461cc0_0;
    %cmp/u;
    %jmp/0xz  T_0.2, 5;
    %load/vec4 v000002a433461cc0_0;
    %load/vec4 v000002a433461400_0;
    %sub;
    %store/vec4 v000002a433461720_0, 0, 8;
    %load/vec4 v000002a4334615e0_0;
    %ix/getv 4, v000002a433461720_0;
    %shiftr 4;
    %store/vec4 v000002a433461860_0, 0, 24;
    %load/vec4 v000002a4334617c0_0;
    %store/vec4 v000002a433461900_0, 0, 24;
    %jmp T_0.3;
T_0.2 ;
    %pushi/vec4 0, 0, 8;
    %store/vec4 v000002a433461720_0, 0, 8;
    %load/vec4 v000002a4334615e0_0;
    %store/vec4 v000002a433461860_0, 0, 24;
    %load/vec4 v000002a4334617c0_0;
    %store/vec4 v000002a433461900_0, 0, 24;
T_0.3 ;
T_0.1 ;
    %load/vec4 v000002a433461860_0;
    %load/vec4 v000002a433461900_0;
    %add;
    %store/vec4 v000002a4334614a0_0, 0, 24;
    %jmp T_0;
    .thread T_0, $push;
    .scope S_000002a43346b800;
T_1 ;
    %pushi/vec4 1093402624, 0, 32;
    %store/vec4 v000002a433461d60_0, 0, 32;
    %pushi/vec4 1074790400, 0, 32;
    %store/vec4 v000002a433461ae0_0, 0, 32;
    %delay 1, 0;
    %load/vec4 v000002a433461b80_0;
    %parti/s 24, 0, 2;
    %store/vec4 v000002a433461e00_0, 0, 24;
    %vpi_call/w 3 17 "$display", "Sum= %b %h", v000002a433461e00_0, v000002a433461e00_0 {0 0 0};
    %vpi_call/w 3 18 "$display", "Out=%b", v000002a433461b80_0 {0 0 0};
    %vpi_call/w 3 19 "$finish" {0 0 0};
    %end;
    .thread T_1;
# The file index is used to find the file name in the following table.
:file_names 5;
    "N/A";
    "<interactive>";
    "-";
    "tb.v";
    "./adder.v";
